{"total": {"lines":{"total":3726,"covered":1884,"skipped":0,"pct":50.56},"statements":{"total":4478,"covered":2122,"skipped":0,"pct":47.38},"functions":{"total":859,"covered":387,"skipped":0,"pct":45.05},"branches":{"total":2660,"covered":1019,"skipped":0,"pct":38.3},"branchesTrue":{"total":0,"covered":0,"skipped":0,"pct":100}}
,"/home/w/code/comdtex/src/Breadcrumb.tsx": {"lines":{"total":15,"covered":15,"skipped":0,"pct":100},"functions":{"total":3,"covered":3,"skipped":0,"pct":100},"statements":{"total":17,"covered":15,"skipped":0,"pct":88.23},"branches":{"total":18,"covered":13,"skipped":0,"pct":72.22}}
,"/home/w/code/comdtex/src/GitBar.tsx": {"lines":{"total":288,"covered":18,"skipped":0,"pct":6.25},"functions":{"total":110,"covered":10,"skipped":0,"pct":9.09},"statements":{"total":431,"covered":26,"skipped":0,"pct":6.03},"branches":{"total":323,"covered":11,"skipped":0,"pct":3.4}}
,"/home/w/code/comdtex/src/ankiExport.ts": {"lines":{"total":33,"covered":33,"skipped":0,"pct":100},"functions":{"total":5,"covered":5,"skipped":0,"pct":100},"statements":{"total":35,"covered":35,"skipped":0,"pct":100},"branches":{"total":13,"covered":13,"skipped":0,"pct":100}}
,"/home/w/code/comdtex/src/appShortcuts.ts": {"lines":{"total":64,"covered":26,"skipped":0,"pct":40.62},"functions":{"total":1,"covered":1,"skipped":0,"pct":100},"statements":{"total":64,"covered":26,"skipped":0,"pct":40.62},"branches":{"total":84,"covered":63,"skipped":0,"pct":75}}
,"/home/w/code/comdtex/src/bibtex.ts": {"lines":{"total":65,"covered":61,"skipped":0,"pct":93.84},"functions":{"total":13,"covered":13,"skipped":0,"pct":100},"statements":{"total":79,"covered":74,"skipped":0,"pct":93.67},"branches":{"total":65,"covered":38,"skipped":0,"pct":58.46}}
,"/home/w/code/comdtex/src/cmdxFormat.ts": {"lines":{"total":254,"covered":237,"skipped":0,"pct":93.3},"functions":{"total":77,"covered":62,"skipped":0,"pct":80.51},"statements":{"total":305,"covered":284,"skipped":0,"pct":93.11},"branches":{"total":167,"covered":119,"skipped":0,"pct":71.25}}
,"/home/w/code/comdtex/src/commDiag.ts": {"lines":{"total":189,"covered":2,"skipped":0,"pct":1.05},"functions":{"total":9,"covered":0,"skipped":0,"pct":0},"statements":{"total":208,"covered":2,"skipped":0,"pct":0.96},"branches":{"total":91,"covered":0,"skipped":0,"pct":0}}
,"/home/w/code/comdtex/src/comments.ts": {"lines":{"total":56,"covered":55,"skipped":0,"pct":98.21},"functions":{"total":16,"covered":16,"skipped":0,"pct":100},"statements":{"total":66,"covered":63,"skipped":0,"pct":95.45},"branches":{"total":40,"covered":37,"skipped":0,"pct":92.5}}
,"/home/w/code/comdtex/src/contentLinter.ts": {"lines":{"total":215,"covered":207,"skipped":0,"pct":96.27},"functions":{"total":21,"covered":21,"skipped":0,"pct":100},"statements":{"total":257,"covered":245,"skipped":0,"pct":95.33},"branches":{"total":143,"covered":125,"skipped":0,"pct":87.41}}
,"/home/w/code/comdtex/src/documentDiagnostics.ts": {"lines":{"total":75,"covered":58,"skipped":0,"pct":77.33},"functions":{"total":17,"covered":16,"skipped":0,"pct":94.11},"statements":{"total":86,"covered":67,"skipped":0,"pct":77.9},"branches":{"total":48,"covered":25,"skipped":0,"pct":52.08}}
,"/home/w/code/comdtex/src/environments.ts": {"lines":{"total":119,"covered":80,"skipped":0,"pct":67.22},"functions":{"total":14,"covered":11,"skipped":0,"pct":78.57},"statements":{"total":129,"covered":84,"skipped":0,"pct":65.11},"branches":{"total":96,"covered":53,"skipped":0,"pct":55.2}}
,"/home/w/code/comdtex/src/equations.ts": {"lines":{"total":17,"covered":17,"skipped":0,"pct":100},"functions":{"total":7,"covered":7,"skipped":0,"pct":100},"statements":{"total":18,"covered":18,"skipped":0,"pct":100},"branches":{"total":6,"covered":6,"skipped":0,"pct":100}}
,"/home/w/code/comdtex/src/exportCompatibility.ts": {"lines":{"total":13,"covered":13,"skipped":0,"pct":100},"functions":{"total":5,"covered":5,"skipped":0,"pct":100},"statements":{"total":15,"covered":14,"skipped":0,"pct":93.33},"branches":{"total":6,"covered":4,"skipped":0,"pct":66.66}}
,"/home/w/code/comdtex/src/exportConversion.ts": {"lines":{"total":2,"covered":2,"skipped":0,"pct":100},"functions":{"total":2,"covered":2,"skipped":0,"pct":100},"statements":{"total":2,"covered":2,"skipped":0,"pct":100},"branches":{"total":0,"covered":0,"skipped":0,"pct":100}}
,"/home/w/code/comdtex/src/exporter.ts": {"lines":{"total":191,"covered":149,"skipped":0,"pct":78.01},"functions":{"total":23,"covered":22,"skipped":0,"pct":95.65},"statements":{"total":222,"covered":162,"skipped":0,"pct":72.97},"branches":{"total":157,"covered":77,"skipped":0,"pct":49.04}}
,"/home/w/code/comdtex/src/figures.ts": {"lines":{"total":30,"covered":14,"skipped":0,"pct":46.66},"functions":{"total":9,"covered":6,"skipped":0,"pct":66.66},"statements":{"total":31,"covered":14,"skipped":0,"pct":45.16},"branches":{"total":16,"covered":0,"skipped":0,"pct":0}}
,"/home/w/code/comdtex/src/frontmatter.ts": {"lines":{"total":139,"covered":38,"skipped":0,"pct":27.33},"functions":{"total":15,"covered":5,"skipped":0,"pct":33.33},"statements":{"total":172,"covered":41,"skipped":0,"pct":23.83},"branches":{"total":147,"covered":26,"skipped":0,"pct":17.68}}
,"/home/w/code/comdtex/src/functionPlot.ts": {"lines":{"total":238,"covered":2,"skipped":0,"pct":0.84},"functions":{"total":23,"covered":0,"skipped":0,"pct":0},"statements":{"total":282,"covered":2,"skipped":0,"pct":0.7},"branches":{"total":159,"covered":0,"skipped":0,"pct":0}}
,"/home/w/code/comdtex/src/graphViz.ts": {"lines":{"total":123,"covered":7,"skipped":0,"pct":5.69},"functions":{"total":11,"covered":0,"skipped":0,"pct":0},"statements":{"total":131,"covered":7,"skipped":0,"pct":5.34},"branches":{"total":58,"covered":0,"skipped":0,"pct":0}}
,"/home/w/code/comdtex/src/i18n.ts": {"lines":{"total":163,"covered":5,"skipped":0,"pct":3.06},"functions":{"total":159,"covered":1,"skipped":0,"pct":0.62},"statements":{"total":163,"covered":5,"skipped":0,"pct":3.06},"branches":{"total":58,"covered":0,"skipped":0,"pct":0}}
,"/home/w/code/comdtex/src/mathBacklinks.ts": {"lines":{"total":6,"covered":5,"skipped":0,"pct":83.33},"functions":{"total":5,"covered":4,"skipped":0,"pct":80},"statements":{"total":6,"covered":5,"skipped":0,"pct":83.33},"branches":{"total":2,"covered":0,"skipped":0,"pct":0}}
,"/home/w/code/comdtex/src/obsidianExport.ts": {"lines":{"total":6,"covered":6,"skipped":0,"pct":100},"functions":{"total":3,"covered":3,"skipped":0,"pct":100},"statements":{"total":7,"covered":7,"skipped":0,"pct":100},"branches":{"total":4,"covered":2,"skipped":0,"pct":50}}
,"/home/w/code/comdtex/src/pathUtils.ts": {"lines":{"total":1,"covered":1,"skipped":0,"pct":100},"functions":{"total":1,"covered":1,"skipped":0,"pct":100},"statements":{"total":1,"covered":1,"skipped":0,"pct":100},"branches":{"total":2,"covered":1,"skipped":0,"pct":50}}
,"/home/w/code/comdtex/src/preprocessor.ts": {"lines":{"total":142,"covered":122,"skipped":0,"pct":85.91},"functions":{"total":56,"covered":41,"skipped":0,"pct":73.21},"statements":{"total":165,"covered":140,"skipped":0,"pct":84.84},"branches":{"total":66,"covered":46,"skipped":0,"pct":69.69}}
,"/home/w/code/comdtex/src/projectExport.ts": {"lines":{"total":34,"covered":27,"skipped":0,"pct":79.41},"functions":{"total":10,"covered":8,"skipped":0,"pct":80},"statements":{"total":44,"covered":30,"skipped":0,"pct":68.18},"branches":{"total":35,"covered":16,"skipped":0,"pct":45.71}}
,"/home/w/code/comdtex/src/pseudocodeFlowchart.ts": {"lines":{"total":132,"covered":0,"skipped":0,"pct":0},"functions":{"total":23,"covered":0,"skipped":0,"pct":0},"statements":{"total":167,"covered":0,"skipped":0,"pct":0},"branches":{"total":89,"covered":0,"skipped":0,"pct":0}}
,"/home/w/code/comdtex/src/references.ts": {"lines":{"total":22,"covered":22,"skipped":0,"pct":100},"functions":{"total":4,"covered":4,"skipped":0,"pct":100},"statements":{"total":26,"covered":25,"skipped":0,"pct":96.15},"branches":{"total":10,"covered":8,"skipped":0,"pct":80}}
,"/home/w/code/comdtex/src/renderer.ts": {"lines":{"total":187,"covered":124,"skipped":0,"pct":66.31},"functions":{"total":25,"covered":15,"skipped":0,"pct":60},"statements":{"total":211,"covered":132,"skipped":0,"pct":62.55},"branches":{"total":99,"covered":44,"skipped":0,"pct":44.44}}
,"/home/w/code/comdtex/src/sanitizeRenderedHtml.ts": {"lines":{"total":40,"covered":31,"skipped":0,"pct":77.5},"functions":{"total":7,"covered":4,"skipped":0,"pct":57.14},"statements":{"total":45,"covered":33,"skipped":0,"pct":73.33},"branches":{"total":28,"covered":14,"skipped":0,"pct":50}}
,"/home/w/code/comdtex/src/searchReplace.ts": {"lines":{"total":26,"covered":25,"skipped":0,"pct":96.15},"functions":{"total":7,"covered":7,"skipped":0,"pct":100},"statements":{"total":33,"covered":27,"skipped":0,"pct":81.81},"branches":{"total":32,"covered":22,"skipped":0,"pct":68.75}}
,"/home/w/code/comdtex/src/structuralLabels.ts": {"lines":{"total":33,"covered":33,"skipped":0,"pct":100},"functions":{"total":8,"covered":8,"skipped":0,"pct":100},"statements":{"total":39,"covered":37,"skipped":0,"pct":94.87},"branches":{"total":10,"covered":7,"skipped":0,"pct":70}}
,"/home/w/code/comdtex/src/tables.ts": {"lines":{"total":21,"covered":21,"skipped":0,"pct":100},"functions":{"total":5,"covered":5,"skipped":0,"pct":100},"statements":{"total":27,"covered":25,"skipped":0,"pct":92.59},"branches":{"total":22,"covered":14,"skipped":0,"pct":63.63}}
,"/home/w/code/comdtex/src/toc.ts": {"lines":{"total":17,"covered":17,"skipped":0,"pct":100},"functions":{"total":6,"covered":6,"skipped":0,"pct":100},"statements":{"total":21,"covered":20,"skipped":0,"pct":95.23},"branches":{"total":10,"covered":9,"skipped":0,"pct":90}}
,"/home/w/code/comdtex/src/transclusion.ts": {"lines":{"total":78,"covered":77,"skipped":0,"pct":98.71},"functions":{"total":10,"covered":10,"skipped":0,"pct":100},"statements":{"total":93,"covered":87,"skipped":0,"pct":93.54},"branches":{"total":63,"covered":55,"skipped":0,"pct":87.3}}
,"/home/w/code/comdtex/src/truthTable.ts": {"lines":{"total":144,"covered":0,"skipped":0,"pct":0},"functions":{"total":26,"covered":0,"skipped":0,"pct":0},"statements":{"total":212,"covered":0,"skipped":0,"pct":0},"branches":{"total":107,"covered":0,"skipped":0,"pct":0}}
,"/home/w/code/comdtex/src/useVault.ts": {"lines":{"total":440,"covered":241,"skipped":0,"pct":54.77},"functions":{"total":98,"covered":44,"skipped":0,"pct":44.89},"statements":{"total":538,"covered":260,"skipped":0,"pct":48.32},"branches":{"total":294,"covered":100,"skipped":0,"pct":34.01}}
,"/home/w/code/comdtex/src/wasmTex.ts": {"lines":{"total":78,"covered":63,"skipped":0,"pct":80.76},"functions":{"total":16,"covered":12,"skipped":0,"pct":75},"statements":{"total":92,"covered":69,"skipped":0,"pct":75},"branches":{"total":70,"covered":49,"skipped":0,"pct":70}}
,"/home/w/code/comdtex/src/wikilinks.ts": {"lines":{"total":29,"covered":29,"skipped":0,"pct":100},"functions":{"total":9,"covered":9,"skipped":0,"pct":100},"statements":{"total":37,"covered":37,"skipped":0,"pct":100},"branches":{"total":22,"covered":22,"skipped":0,"pct":100}}
,"/home/w/code/comdtex/src/fixtures/cmdx/roundtrip.ts": {"lines":{"total":1,"covered":1,"skipped":0,"pct":100},"functions":{"total":0,"covered":0,"skipped":0,"pct":100},"statements":{"total":1,"covered":1,"skipped":0,"pct":100},"branches":{"total":0,"covered":0,"skipped":0,"pct":100}}
}
